<?xml version="1.0" encoding="UTF-8"?>
<testng-results ignored="0" total="2" passed="2" failed="0" skipped="0">
  <reporter-output>
  </reporter-output>
  <suite started-at="2023-02-24T10:46:57Z" name="Default suite" finished-at="2023-02-24T10:47:49Z" duration-ms="51548">
    <groups>
      <group name="cucumber">
        <method signature="AbstractTestNGCucumberTests.runScenario(io.cucumber.testng.PickleWrapper, io.cucumber.testng.FeatureWrapper)[pri:0, instance:com.TestRunner.MyRunner@5a59ca5e]" name="runScenario" class="io.cucumber.testng.AbstractTestNGCucumberTests"/>
      </group> <!-- cucumber -->
    </groups>
    <test started-at="2023-02-24T10:46:57Z" name="Default test" finished-at="2023-02-24T10:47:49Z" duration-ms="51548">
      <class name="com.TestRunner.MyRunner">
        <test-method is-config="true" signature="setUpClass()[pri:0, instance:com.TestRunner.MyRunner@5a59ca5e]" started-at="2023-02-24T10:46:57Z" name="setUpClass" finished-at="2023-02-24T10:46:57Z" duration-ms="492" status="PASS">
          <reporter-output>
          </reporter-output>
        </test-method> <!-- setUpClass -->
        <test-method signature="runScenario(io.cucumber.testng.PickleWrapper, io.cucumber.testng.FeatureWrapper)[pri:0, instance:com.TestRunner.MyRunner@5a59ca5e]" started-at="2023-02-24T10:46:58Z" name="runScenario" description="Runs Cucumber Scenarios" data-provider="scenarios" finished-at="2023-02-24T10:47:23Z" duration-ms="25075" status="PASS">
          <params>
            <param index="0">
              <value>
                <![CDATA["Login page title1"]]>
              </value>
            </param>
            <param index="1">
              <value>
                <![CDATA["Optional[Run somke test cases]"]]>
              </value>
            </param>
          </params>
          <reporter-output>
          </reporter-output>
        </test-method> <!-- runScenario -->
        <test-method signature="runScenario(io.cucumber.testng.PickleWrapper, io.cucumber.testng.FeatureWrapper)[pri:0, instance:com.TestRunner.MyRunner@5a59ca5e]" started-at="2023-02-24T10:47:23Z" name="runScenario" description="Runs Cucumber Scenarios" data-provider="scenarios" finished-at="2023-02-24T10:47:48Z" duration-ms="25737" status="PASS">
          <params>
            <param index="0">
              <value>
                <![CDATA["Login page title two"]]>
              </value>
            </param>
            <param index="1">
              <value>
                <![CDATA["Optional[Run somke test cases]"]]>
              </value>
            </param>
          </params>
          <reporter-output>
          </reporter-output>
        </test-method> <!-- runScenario -->
        <test-method is-config="true" signature="tearDownClass()[pri:0, instance:com.TestRunner.MyRunner@5a59ca5e]" started-at="2023-02-24T10:47:48Z" name="tearDownClass" finished-at="2023-02-24T10:47:49Z" duration-ms="222" status="PASS">
          <reporter-output>
          </reporter-output>
        </test-method> <!-- tearDownClass -->
      </class> <!-- com.TestRunner.MyRunner -->
    </test> <!-- Default test -->
  </suite> <!-- Default suite -->
</testng-results>
